C:\Users\Андрей\source\repos\Recipe Api\Recipe Api\CulinaryRecipes\dist\out-tsc\app\app.component.js
C:\Users\Андрей\source\repos\Recipe Api\Recipe Api\CulinaryRecipes\dist\out-tsc\app\app.component.js.map
C:\Users\Андрей\source\repos\Recipe Api\Recipe Api\CulinaryRecipes\dist\out-tsc\app\components\recipe\recipe.component.js
C:\Users\Андрей\source\repos\Recipe Api\Recipe Api\CulinaryRecipes\dist\out-tsc\app\components\recipe\recipe.component.js.map
C:\Users\Андрей\source\repos\Recipe Api\Recipe Api\CulinaryRecipes\dist\out-tsc\app\app-routing.module.js
C:\Users\Андрей\source\repos\Recipe Api\Recipe Api\CulinaryRecipes\dist\out-tsc\app\app-routing.module.js.map
C:\Users\Андрей\source\repos\Recipe Api\Recipe Api\CulinaryRecipes\dist\out-tsc\app\app.module.js
C:\Users\Андрей\source\repos\Recipe Api\Recipe Api\CulinaryRecipes\dist\out-tsc\app\app.module.js.map
C:\Users\Андрей\source\repos\Recipe Api\Recipe Api\CulinaryRecipes\dist\out-tsc\environments\environment.js
C:\Users\Андрей\source\repos\Recipe Api\Recipe Api\CulinaryRecipes\dist\out-tsc\environments\environment.js.map
C:\Users\Андрей\source\repos\Recipe Api\Recipe Api\CulinaryRecipes\dist\out-tsc\main.js
C:\Users\Андрей\source\repos\Recipe Api\Recipe Api\CulinaryRecipes\dist\out-tsc\main.js.map
C:\Users\Андрей\source\repos\Recipe Api\Recipe Api\CulinaryRecipes\dist\out-tsc\polyfills.js
C:\Users\Андрей\source\repos\Recipe Api\Recipe Api\CulinaryRecipes\dist\out-tsc\polyfills.js.map
C:\Users\Андрей\source\repos\Recipe Api\Recipe Api\CulinaryRecipes\dist\out-tsc\test.js
C:\Users\Андрей\source\repos\Recipe Api\Recipe Api\CulinaryRecipes\dist\out-tsc\test.js.map
C:\Users\Андрей\source\repos\Recipe Api\Recipe Api\CulinaryRecipes\dist\out-tsc\app\app.component.spec.js
C:\Users\Андрей\source\repos\Recipe Api\Recipe Api\CulinaryRecipes\dist\out-tsc\app\app.component.spec.js.map
C:\Users\Андрей\source\repos\Recipe Api\Recipe Api\CulinaryRecipes\dist\out-tsc\app\components\recipe\recipe.component.spec.js
C:\Users\Андрей\source\repos\Recipe Api\Recipe Api\CulinaryRecipes\dist\out-tsc\app\components\recipe\recipe.component.spec.js.map
C:\Users\Андрей\source\repos\Recipe Api\Recipe Api\CulinaryRecipes\dist\out-tsc\environments\environment.prod.js
C:\Users\Андрей\source\repos\Recipe Api\Recipe Api\CulinaryRecipes\dist\out-tsc\environments\environment.prod.js.map
